Arguments: 
  /usr/local/bin/node /usr/local/bin/yarn -b

PATH: 
  /Users/siubhansmith/.rbenv/shims:/Users/siubhansmith/.rbenv/bin:/opt/homebrew/bin:/opt/homebrew/sbin:/Library/Frameworks/Python.framework/Versions/3.10/bin:/usr/local/bin:/usr/bin:/bin:/usr/sbin:/sbin

Yarn version: 
  1.22.19

Node version: 
  16.15.0

Platform: 
  darwin arm64

Trace: 
  SyntaxError: /Users/siubhansmith/Documents/VSCode/bid-vfx-backend/package.json: Unexpected token } in JSON at position 97
      at JSON.parse (<anonymous>)
      at /usr/local/lib/node_modules/yarn/lib/cli.js:1629:59
      at Generator.next (<anonymous>)
      at step (/usr/local/lib/node_modules/yarn/lib/cli.js:310:30)
      at /usr/local/lib/node_modules/yarn/lib/cli.js:321:13

npm manifest: 
  {
    "name": "bid-vfx-backend",
    "description": "bid vfx backend",
    "engines": {
      "node": 
    },
    "scripts": {
      "clean": "rm -rf public",
      "build": "yarn install --prefix front && yarn build --prefix front",
      "deploy": "cp -a front/dist/",
      "heroku-postbuild": "yarn run clean && yarn run build && yarn run deploy"
    }
  }

yarn manifest: 
  No manifest

Lockfile: 
  No lockfile
